<?xml version="1.0" encoding="UTF-8" ?>
<testsuite tests="13" failures="0" name="OopLiftTest" time="0.063" errors="0" skipped="0">
  <properties>
[...]
</properties>
  <testcase classname="OopLiftTest" name="OopLiftTest.testUpAndDown" time="0.038"/>
  <testcase classname="OopLiftTest" name="OopLiftTest.testHighlander" time="0"/>
  <testcase classname="OopLiftTest" name="OopLiftTest.testUp" time="0"/>
  <testcase classname="OopLiftTest" name="OopLiftTest.testYoYo" time="0.002"/>
  <testcase classname="OopLiftTest" name="OopLiftTest.testDownAndDown" time="0.002"/>
  <testcase classname="OopLiftTest" name="OopLiftTest.testUpAndUp" time="0.002"/>
  <testcase classname="OopLiftTest" name="OopLiftTest.testFireDrill" time="0.009"/>
  <testcase classname="OopLiftTest" name="OopLiftTest.testDown" time="0"/>
  <testcase classname="OopLiftTest" name="OopLiftTest.testLiftFullDown" time="0.003"/>
  <testcase classname="OopLiftTest" name="OopLiftTest.testEmpty" time="0"/>
  <testcase classname="OopLiftTest" name="OopLiftTest.testBugs" time="0.006"/>
  <testcase classname="OopLiftTest" name="OopLiftTest.testTrickyQueues" time="0.001"/>
  <testcase classname="OopLiftTest" name="OopLiftTest.testEnterOnGroundFloor" time="0"/>
</testsuite>